<?xml version="1.0" encoding="UTF-8"?>
<!-- Generated by org.testng.reporters.JUnitReportReporter -->
<testsuite skipped="0" hostname="HBADT4500552" name="com.qa.testscripts.TC_AmazonSearch_001" tests="1" failures="0" timestamp="30 Jan 2021 10:22:02 GMT" time="6.972" errors="0">
  <testcase name="searchItem" time="6.972" classname="com.qa.testscripts.TC_AmazonSearch_001"/>
</testsuite> <!-- com.qa.testscripts.TC_AmazonSearch_001 -->
